2023-03-02 15:16:21,900 - config.py - 111 - INFO - ******HYPER-PARAMETERS******
2023-03-02 15:16:21,900 - config.py - 113 - INFO - exp_purpose: decode
2023-03-02 15:16:21,900 - config.py - 113 - INFO - model: bert
2023-03-02 15:16:21,900 - config.py - 113 - INFO - dataset: rams
2023-03-02 15:16:21,900 - config.py - 113 - INFO - train_path: data/rams/decoder/train.json
2023-03-02 15:16:21,900 - config.py - 113 - INFO - test_path: data/rams/decoder/test.json
2023-03-02 15:16:21,900 - config.py - 113 - INFO - exp_path: ./exp/
2023-03-02 15:16:21,901 - config.py - 113 - INFO - save_path: exp/2023-03-02/rams_bert_20230302151620/best.pth
2023-03-02 15:16:21,901 - config.py - 113 - INFO - project_path: ./
2023-03-02 15:16:21,901 - config.py - 113 - INFO - save_scriptList: ['utils', 'models', 'trainer', 'configs']
2023-03-02 15:16:21,901 - config.py - 113 - INFO - do_train: True
2023-03-02 15:16:21,901 - config.py - 113 - INFO - do_test: False
2023-03-02 15:16:21,901 - config.py - 113 - INFO - require_improvement: 200000000
2023-03-02 15:16:21,901 - config.py - 113 - INFO - num_epochs: 20
2023-03-02 15:16:21,901 - config.py - 113 - INFO - batch_size: 1
2023-03-02 15:16:21,901 - config.py - 113 - INFO - test_batch_size: 1
2023-03-02 15:16:21,901 - config.py - 113 - INFO - max_seq_len: 512
2023-03-02 15:16:21,901 - config.py - 113 - INFO - eval_step: 10
2023-03-02 15:16:21,901 - config.py - 113 - INFO - log_step: 100
2023-03-02 15:16:21,901 - config.py - 113 - INFO - pretrain_path: bert-base-uncased
2023-03-02 15:16:21,901 - config.py - 113 - INFO - hidden_size: 768
2023-03-02 15:16:21,901 - config.py - 113 - INFO - logger: <Logger 20230302151620 (DEBUG)>
2023-03-02 15:16:21,901 - config.py - 113 - INFO - tokenizer: BertTokenizerFast(name_or_path='bert-base-uncased', vocab_size=30522, model_max_length=512, is_fast=True, padding_side='right', truncation_side='right', special_tokens={'unk_token': '[UNK]', 'sep_token': '[SEP]', 'pad_token': '[PAD]', 'cls_token': '[CLS]', 'mask_token': '[MASK]'})
2023-03-02 15:16:21,901 - config.py - 113 - INFO - device: cuda
2023-03-02 15:16:21,901 - config.py - 113 - INFO - basic_learning_rate: 0.0001
2023-03-02 15:16:21,901 - config.py - 113 - INFO - encoder_learning_rate: 3e-05
2023-03-02 15:16:21,901 - config.py - 113 - INFO - rate_warmup_steps: 0.1
2023-03-02 15:16:21,901 - config.py - 113 - INFO - shuffle: True
2023-03-02 15:16:21,901 - config.py - 113 - INFO - drop_last: True
2023-03-02 15:16:21,901 - config.py - 113 - INFO - num_workers: 4
2023-03-02 15:16:21,902 - config.py - 113 - INFO - startTime: 20230302151620
2023-03-02 15:16:21,902 - config.py - 113 - INFO - dev_path: data/rams/decoder/dev.json
2023-03-02 15:16:21,902 - config.py - 113 - INFO - path: exp/2023-03-02/rams_bert_20230302151620
2023-03-02 15:16:21,902 - config.py - 113 - INFO - log_path: exp/2023-03-02/rams_bert_20230302151620/logs.log
2023-03-02 15:16:21,902 - config.py - 113 - INFO - tensorBoard_path: exp/2023-03-02/rams_bert_20230302151620/tensorboard
2023-03-02 15:16:21,902 - config.py - 113 - INFO - script_path: exp/2023-03-02/rams_bert_20230302151620/script
2023-03-02 15:16:21,902 - config.py - 113 - INFO - threshold: 0.4
2023-03-02 15:16:21,902 - config.py - 113 - INFO - max_desc_seq_len: 512
2023-03-02 15:16:21,902 - config.py - 113 - INFO - drop_rate: 0.5
2023-03-02 15:16:21,902 - config.py - 113 - INFO - max_role_num: 5
2023-03-02 15:16:21,902 - config.py - 113 - INFO - event_path: data/rams/event_role_multiplicities.txt
2023-03-02 15:16:21,902 - config.py - 113 - INFO - tbWriter: <torch.utils.tensorboard.writer.SummaryWriter object at 0x7f165582d970>
2023-03-02 15:16:21,902 - config.py - 114 - INFO - ****************************
2023-03-02 15:16:21,933 - config.py - 111 - INFO - ******HYPER-PARAMETERS******
2023-03-02 15:16:21,933 - config.py - 113 - INFO - exp_purpose: decode
2023-03-02 15:16:21,933 - config.py - 113 - INFO - model: bert
2023-03-02 15:16:21,933 - config.py - 113 - INFO - dataset: rams
2023-03-02 15:16:21,933 - config.py - 113 - INFO - train_path: data/rams/decoder/train.json
2023-03-02 15:16:21,933 - config.py - 113 - INFO - test_path: data/rams/decoder/test.json
2023-03-02 15:16:21,933 - config.py - 113 - INFO - exp_path: ./exp/
2023-03-02 15:16:21,933 - config.py - 113 - INFO - save_path: exp/2023-03-02/rams_bert_20230302151620/best.pth
2023-03-02 15:16:21,933 - config.py - 113 - INFO - project_path: ./
2023-03-02 15:16:21,933 - config.py - 113 - INFO - save_scriptList: ['utils', 'models', 'trainer', 'configs']
2023-03-02 15:16:21,933 - config.py - 113 - INFO - do_train: True
2023-03-02 15:16:21,933 - config.py - 113 - INFO - do_test: False
2023-03-02 15:16:21,933 - config.py - 113 - INFO - require_improvement: 200000000
2023-03-02 15:16:21,933 - config.py - 113 - INFO - num_epochs: 20
2023-03-02 15:16:21,933 - config.py - 113 - INFO - batch_size: 1
2023-03-02 15:16:21,933 - config.py - 113 - INFO - test_batch_size: 1
2023-03-02 15:16:21,933 - config.py - 113 - INFO - max_seq_len: 512
2023-03-02 15:16:21,934 - config.py - 113 - INFO - eval_step: 10
2023-03-02 15:16:21,934 - config.py - 113 - INFO - log_step: 100
2023-03-02 15:16:21,934 - config.py - 113 - INFO - pretrain_path: bert-base-uncased
2023-03-02 15:16:21,934 - config.py - 113 - INFO - hidden_size: 768
2023-03-02 15:16:21,934 - config.py - 113 - INFO - logger: <Logger 20230302151620 (DEBUG)>
2023-03-02 15:16:21,934 - config.py - 113 - INFO - tokenizer: BertTokenizerFast(name_or_path='bert-base-uncased', vocab_size=30522, model_max_length=512, is_fast=True, padding_side='right', truncation_side='right', special_tokens={'unk_token': '[UNK]', 'sep_token': '[SEP]', 'pad_token': '[PAD]', 'cls_token': '[CLS]', 'mask_token': '[MASK]'})
2023-03-02 15:16:21,934 - config.py - 113 - INFO - device: cuda
2023-03-02 15:16:21,934 - config.py - 113 - INFO - basic_learning_rate: 0.0001
2023-03-02 15:16:21,934 - config.py - 113 - INFO - encoder_learning_rate: 3e-05
2023-03-02 15:16:21,934 - config.py - 113 - INFO - rate_warmup_steps: 0.1
2023-03-02 15:16:21,934 - config.py - 113 - INFO - shuffle: True
2023-03-02 15:16:21,934 - config.py - 113 - INFO - drop_last: True
2023-03-02 15:16:21,934 - config.py - 113 - INFO - num_workers: 4
2023-03-02 15:16:21,934 - config.py - 113 - INFO - startTime: 20230302151620
2023-03-02 15:16:21,934 - config.py - 113 - INFO - dev_path: data/rams/decoder/dev.json
2023-03-02 15:16:21,934 - config.py - 113 - INFO - path: exp/2023-03-02/rams_bert_20230302151620
2023-03-02 15:16:21,934 - config.py - 113 - INFO - log_path: exp/2023-03-02/rams_bert_20230302151620/logs.log
2023-03-02 15:16:21,934 - config.py - 113 - INFO - tensorBoard_path: exp/2023-03-02/rams_bert_20230302151620/tensorboard
2023-03-02 15:16:21,934 - config.py - 113 - INFO - script_path: exp/2023-03-02/rams_bert_20230302151620/script
2023-03-02 15:16:21,934 - config.py - 113 - INFO - threshold: 0.4
2023-03-02 15:16:21,934 - config.py - 113 - INFO - max_desc_seq_len: 512
2023-03-02 15:16:21,934 - config.py - 113 - INFO - drop_rate: 0.5
2023-03-02 15:16:21,934 - config.py - 113 - INFO - max_role_num: 5
2023-03-02 15:16:21,935 - config.py - 113 - INFO - event_path: data/rams/event_role_multiplicities.txt
2023-03-02 15:16:21,935 - config.py - 113 - INFO - tbWriter: <torch.utils.tensorboard.writer.SummaryWriter object at 0x7fdcdee6e640>
2023-03-02 15:16:21,935 - config.py - 114 - INFO - ****************************
2023-03-02 15:16:25,499 - decoder_train.py - 47 - INFO - load train set......
2023-03-02 15:16:25,502 - decoder_train.py - 47 - INFO - load train set......
2023-03-02 15:16:27,827 - decoder_train.py - 63 - ERROR - Traceback (most recent call last):
  File "decoder_train.py", line 50, in <module>
    train_dataloader = data_processer.create_dataloader(train_dataset, train_sampler, 'train')
  File "/home/wqw/code/BertSum/trainer/decoder/data_loader.py", line 22, in create_dataloader
    return DataLoader(
  File "/home/wqw/miniconda3/envs/BertSum/lib/python3.8/site-packages/torch/utils/data/dataloader.py", line 237, in __init__
    raise ValueError('sampler option is mutually exclusive with '
ValueError: sampler option is mutually exclusive with shuffle

2023-03-02 15:16:27,852 - decoder_train.py - 63 - ERROR - Traceback (most recent call last):
  File "decoder_train.py", line 50, in <module>
    train_dataloader = data_processer.create_dataloader(train_dataset, train_sampler, 'train')
  File "/home/wqw/code/BertSum/trainer/decoder/data_loader.py", line 22, in create_dataloader
    return DataLoader(
  File "/home/wqw/miniconda3/envs/BertSum/lib/python3.8/site-packages/torch/utils/data/dataloader.py", line 237, in __init__
    raise ValueError('sampler option is mutually exclusive with '
ValueError: sampler option is mutually exclusive with shuffle

