2023-03-02 10:46:16,783 - config.py - 111 - INFO - ******HYPER-PARAMETERS******
2023-03-02 10:46:16,784 - config.py - 113 - INFO - exp_purpose: decode
2023-03-02 10:46:16,784 - config.py - 113 - INFO - model: bert
2023-03-02 10:46:16,784 - config.py - 113 - INFO - dataset: rams
2023-03-02 10:46:16,784 - config.py - 113 - INFO - train_path: data/rams/decoder/train.json
2023-03-02 10:46:16,785 - config.py - 113 - INFO - test_path: data/rams/decoder/test.json
2023-03-02 10:46:16,785 - config.py - 113 - INFO - exp_path: ./exp/
2023-03-02 10:46:16,785 - config.py - 113 - INFO - save_path: exp/2023-03-02/rams_bert_20230302104615/best.pth
2023-03-02 10:46:16,785 - config.py - 113 - INFO - project_path: ./
2023-03-02 10:46:16,785 - config.py - 113 - INFO - save_scriptList: ['utils', 'models', 'trainer', 'configs']
2023-03-02 10:46:16,785 - config.py - 113 - INFO - do_train: True
2023-03-02 10:46:16,785 - config.py - 113 - INFO - do_test: False
2023-03-02 10:46:16,785 - config.py - 113 - INFO - require_improvement: 200000000
2023-03-02 10:46:16,786 - config.py - 113 - INFO - num_epochs: 20
2023-03-02 10:46:16,786 - config.py - 113 - INFO - batch_size: 1
2023-03-02 10:46:16,786 - config.py - 113 - INFO - test_batch_size: 1
2023-03-02 10:46:16,786 - config.py - 113 - INFO - max_seq_len: 512
2023-03-02 10:46:16,786 - config.py - 113 - INFO - eval_step: 10
2023-03-02 10:46:16,786 - config.py - 113 - INFO - log_step: 100
2023-03-02 10:46:16,786 - config.py - 113 - INFO - pretrain_path: bert-base-uncased
2023-03-02 10:46:16,786 - config.py - 113 - INFO - hidden_size: 768
2023-03-02 10:46:16,787 - config.py - 113 - INFO - logger: <Logger 20230302104615 (DEBUG)>
2023-03-02 10:46:16,787 - config.py - 113 - INFO - tokenizer: BertTokenizerFast(name_or_path='bert-base-uncased', vocab_size=30522, model_max_length=512, is_fast=True, padding_side='right', truncation_side='right', special_tokens={'unk_token': '[UNK]', 'sep_token': '[SEP]', 'pad_token': '[PAD]', 'cls_token': '[CLS]', 'mask_token': '[MASK]'})
2023-03-02 10:46:16,787 - config.py - 113 - INFO - device: cuda
2023-03-02 10:46:16,787 - config.py - 113 - INFO - basic_learning_rate: 0.0001
2023-03-02 10:46:16,787 - config.py - 113 - INFO - encoder_learning_rate: 3e-05
2023-03-02 10:46:16,787 - config.py - 113 - INFO - rate_warmup_steps: 0.1
2023-03-02 10:46:16,788 - config.py - 113 - INFO - shuffle: True
2023-03-02 10:46:16,788 - config.py - 113 - INFO - drop_last: True
2023-03-02 10:46:16,788 - config.py - 113 - INFO - num_workers: 4
2023-03-02 10:46:16,788 - config.py - 113 - INFO - startTime: 20230302104615
2023-03-02 10:46:16,788 - config.py - 113 - INFO - dev_path: data/rams/decoder/dev.json
2023-03-02 10:46:16,788 - config.py - 113 - INFO - path: exp/2023-03-02/rams_bert_20230302104615
2023-03-02 10:46:16,788 - config.py - 113 - INFO - log_path: exp/2023-03-02/rams_bert_20230302104615/logs.log
2023-03-02 10:46:16,789 - config.py - 113 - INFO - tensorBoard_path: exp/2023-03-02/rams_bert_20230302104615/tensorboard
2023-03-02 10:46:16,789 - config.py - 113 - INFO - script_path: exp/2023-03-02/rams_bert_20230302104615/script
2023-03-02 10:46:16,789 - config.py - 113 - INFO - threshold: 0.5
2023-03-02 10:46:16,789 - config.py - 113 - INFO - max_desc_seq_len: 512
2023-03-02 10:46:16,789 - config.py - 113 - INFO - drop_rate: 0.5
2023-03-02 10:46:16,789 - config.py - 113 - INFO - max_role_num: 5
2023-03-02 10:46:16,789 - config.py - 113 - INFO - event_path: data/rams/event_role_multiplicities.txt
2023-03-02 10:46:16,789 - config.py - 113 - INFO - tbWriter: <torch.utils.tensorboard.writer.SummaryWriter object at 0x7f9bc6784f70>
2023-03-02 10:46:16,790 - config.py - 114 - INFO - ****************************
2023-03-02 10:46:23,574 - decoder_train.py - 36 - INFO - load train set......
2023-03-02 10:46:26,034 - decoder_train.py - 40 - INFO - load test set......
2023-03-02 10:46:26,274 - basic_trainer.py - 179 - INFO - ******************** Epoch: 1/20 ***********************
2023-03-02 10:47:52,616 - decoder_train.py - 48 - ERROR - Traceback (most recent call last):
  File "/home/wqw/code/BertSum/decoder_train.py", line 46, in <module>
    trainer.train()
  File "/home/wqw/code/BertSum/trainer/basic_trainer.py", line 183, in train
    loss, model_output = self.one_step(data)
  File "/home/wqw/code/BertSum/trainer/decoder/decoder_trainer.py", line 29, in one_step
    loss, module_output = self.model(token_ids, summar_ids, bertsum_ids, entities_ids, role_ids, token_mask, summar_mask, bertsum_mask, entities_mask, role_ids_mask, role_labels, entity_span, char2token, span2entity)
  File "/home/wqw/miniconda3/envs/BertSum/lib/python3.8/site-packages/torch/nn/modules/module.py", line 727, in _call_impl
    result = self.forward(*input, **kwargs)
  File "/home/wqw/miniconda3/envs/BertSum/lib/python3.8/site-packages/torch/nn/parallel/data_parallel.py", line 159, in forward
    return self.module(*inputs[0], **kwargs[0])
  File "/home/wqw/miniconda3/envs/BertSum/lib/python3.8/site-packages/torch/nn/modules/module.py", line 727, in _call_impl
    result = self.forward(*input, **kwargs)
  File "/home/wqw/code/BertSum/models/decoder/decoder.py", line 35, in forward
    best_ids = self.get_best_pred(forward_ids, backward_ids)
  File "/home/wqw/code/BertSum/models/decoder/decoder.py", line 42, in get_best_pred
    backward_ids = torch.flip(backward_ids, [0])
TypeError: flip(): argument 'input' (position 1) must be Tensor, not list

