2023-03-02 17:21:32,333 - config.py - 111 - INFO - ******HYPER-PARAMETERS******
2023-03-02 17:21:32,333 - config.py - 113 - INFO - exp_purpose: decode
2023-03-02 17:21:32,333 - config.py - 113 - INFO - model: bert
2023-03-02 17:21:32,333 - config.py - 113 - INFO - dataset: rams
2023-03-02 17:21:32,333 - config.py - 113 - INFO - train_path: data/rams/decoder/train.json
2023-03-02 17:21:32,333 - config.py - 113 - INFO - test_path: data/rams/decoder/test.json
2023-03-02 17:21:32,333 - config.py - 113 - INFO - exp_path: ./exp/
2023-03-02 17:21:32,333 - config.py - 113 - INFO - save_path: exp/2023-03-02/rams_bert_20230302172131/best.pth
2023-03-02 17:21:32,333 - config.py - 113 - INFO - project_path: ./
2023-03-02 17:21:32,333 - config.py - 113 - INFO - save_scriptList: ['utils', 'models', 'trainer', 'configs']
2023-03-02 17:21:32,333 - config.py - 113 - INFO - do_train: True
2023-03-02 17:21:32,333 - config.py - 113 - INFO - do_test: False
2023-03-02 17:21:32,333 - config.py - 113 - INFO - require_improvement: 200000000
2023-03-02 17:21:32,333 - config.py - 113 - INFO - num_epochs: 20
2023-03-02 17:21:32,333 - config.py - 113 - INFO - batch_size: 2
2023-03-02 17:21:32,333 - config.py - 113 - INFO - test_batch_size: 2
2023-03-02 17:21:32,333 - config.py - 113 - INFO - max_seq_len: 500
2023-03-02 17:21:32,333 - config.py - 113 - INFO - eval_step: 10
2023-03-02 17:21:32,334 - config.py - 113 - INFO - log_step: 100
2023-03-02 17:21:32,334 - config.py - 113 - INFO - pretrain_path: bert-base-uncased
2023-03-02 17:21:32,334 - config.py - 113 - INFO - hidden_size: 768
2023-03-02 17:21:32,334 - config.py - 113 - INFO - logger: <Logger 20230302172131 (DEBUG)>
2023-03-02 17:21:32,334 - config.py - 113 - INFO - tokenizer: BertTokenizerFast(name_or_path='bert-base-uncased', vocab_size=30522, model_max_length=512, is_fast=True, padding_side='right', truncation_side='right', special_tokens={'unk_token': '[UNK]', 'sep_token': '[SEP]', 'pad_token': '[PAD]', 'cls_token': '[CLS]', 'mask_token': '[MASK]'})
2023-03-02 17:21:32,334 - config.py - 113 - INFO - device: cuda
2023-03-02 17:21:32,334 - config.py - 113 - INFO - basic_learning_rate: 0.0001
2023-03-02 17:21:32,334 - config.py - 113 - INFO - encoder_learning_rate: 3e-05
2023-03-02 17:21:32,334 - config.py - 113 - INFO - rate_warmup_steps: 0.1
2023-03-02 17:21:32,334 - config.py - 113 - INFO - shuffle: True
2023-03-02 17:21:32,334 - config.py - 113 - INFO - drop_last: True
2023-03-02 17:21:32,334 - config.py - 113 - INFO - num_workers: 4
2023-03-02 17:21:32,334 - config.py - 113 - INFO - startTime: 20230302172131
2023-03-02 17:21:32,334 - config.py - 113 - INFO - dev_path: data/rams/decoder/dev.json
2023-03-02 17:21:32,334 - config.py - 113 - INFO - path: exp/2023-03-02/rams_bert_20230302172131
2023-03-02 17:21:32,334 - config.py - 113 - INFO - log_path: exp/2023-03-02/rams_bert_20230302172131/logs.log
2023-03-02 17:21:32,334 - config.py - 113 - INFO - tensorBoard_path: exp/2023-03-02/rams_bert_20230302172131/tensorboard
2023-03-02 17:21:32,334 - config.py - 113 - INFO - script_path: exp/2023-03-02/rams_bert_20230302172131/script
2023-03-02 17:21:32,334 - config.py - 113 - INFO - threshold: 0.4
2023-03-02 17:21:32,334 - config.py - 113 - INFO - max_desc_seq_len: 512
2023-03-02 17:21:32,334 - config.py - 113 - INFO - drop_rate: 0.5
2023-03-02 17:21:32,334 - config.py - 113 - INFO - max_role_num: 5
2023-03-02 17:21:32,335 - config.py - 113 - INFO - event_path: data/rams/event_role_multiplicities.txt
2023-03-02 17:21:32,335 - config.py - 113 - INFO - tbWriter: <torch.utils.tensorboard.writer.SummaryWriter object at 0x7f1608ff72b0>
2023-03-02 17:21:32,335 - config.py - 114 - INFO - ****************************
2023-03-02 17:21:32,396 - config.py - 111 - INFO - ******HYPER-PARAMETERS******
2023-03-02 17:21:32,396 - config.py - 113 - INFO - exp_purpose: decode
2023-03-02 17:21:32,396 - config.py - 113 - INFO - model: bert
2023-03-02 17:21:32,396 - config.py - 113 - INFO - dataset: rams
2023-03-02 17:21:32,396 - config.py - 113 - INFO - train_path: data/rams/decoder/train.json
2023-03-02 17:21:32,396 - config.py - 113 - INFO - test_path: data/rams/decoder/test.json
2023-03-02 17:21:32,396 - config.py - 113 - INFO - exp_path: ./exp/
2023-03-02 17:21:32,396 - config.py - 113 - INFO - save_path: exp/2023-03-02/rams_bert_20230302172131/best.pth
2023-03-02 17:21:32,396 - config.py - 113 - INFO - project_path: ./
2023-03-02 17:21:32,396 - config.py - 113 - INFO - save_scriptList: ['utils', 'models', 'trainer', 'configs']
2023-03-02 17:21:32,397 - config.py - 113 - INFO - do_train: True
2023-03-02 17:21:32,397 - config.py - 113 - INFO - do_test: False
2023-03-02 17:21:32,397 - config.py - 113 - INFO - require_improvement: 200000000
2023-03-02 17:21:32,397 - config.py - 113 - INFO - num_epochs: 20
2023-03-02 17:21:32,397 - config.py - 113 - INFO - batch_size: 2
2023-03-02 17:21:32,397 - config.py - 113 - INFO - test_batch_size: 2
2023-03-02 17:21:32,397 - config.py - 113 - INFO - max_seq_len: 500
2023-03-02 17:21:32,397 - config.py - 113 - INFO - eval_step: 10
2023-03-02 17:21:32,397 - config.py - 113 - INFO - log_step: 100
2023-03-02 17:21:32,397 - config.py - 113 - INFO - pretrain_path: bert-base-uncased
2023-03-02 17:21:32,397 - config.py - 113 - INFO - hidden_size: 768
2023-03-02 17:21:32,397 - config.py - 113 - INFO - logger: <Logger 20230302172131 (DEBUG)>
2023-03-02 17:21:32,397 - config.py - 113 - INFO - tokenizer: BertTokenizerFast(name_or_path='bert-base-uncased', vocab_size=30522, model_max_length=512, is_fast=True, padding_side='right', truncation_side='right', special_tokens={'unk_token': '[UNK]', 'sep_token': '[SEP]', 'pad_token': '[PAD]', 'cls_token': '[CLS]', 'mask_token': '[MASK]'})
2023-03-02 17:21:32,397 - config.py - 113 - INFO - device: cuda
2023-03-02 17:21:32,397 - config.py - 113 - INFO - basic_learning_rate: 0.0001
2023-03-02 17:21:32,397 - config.py - 113 - INFO - encoder_learning_rate: 3e-05
2023-03-02 17:21:32,397 - config.py - 113 - INFO - rate_warmup_steps: 0.1
2023-03-02 17:21:32,397 - config.py - 113 - INFO - shuffle: True
2023-03-02 17:21:32,397 - config.py - 113 - INFO - drop_last: True
2023-03-02 17:21:32,397 - config.py - 113 - INFO - num_workers: 4
2023-03-02 17:21:32,398 - config.py - 113 - INFO - startTime: 20230302172131
2023-03-02 17:21:32,398 - config.py - 113 - INFO - dev_path: data/rams/decoder/dev.json
2023-03-02 17:21:32,398 - config.py - 113 - INFO - path: exp/2023-03-02/rams_bert_20230302172131
2023-03-02 17:21:32,398 - config.py - 113 - INFO - log_path: exp/2023-03-02/rams_bert_20230302172131/logs.log
2023-03-02 17:21:32,398 - config.py - 113 - INFO - tensorBoard_path: exp/2023-03-02/rams_bert_20230302172131/tensorboard
2023-03-02 17:21:32,398 - config.py - 113 - INFO - script_path: exp/2023-03-02/rams_bert_20230302172131/script
2023-03-02 17:21:32,398 - config.py - 113 - INFO - threshold: 0.4
2023-03-02 17:21:32,398 - config.py - 113 - INFO - max_desc_seq_len: 512
2023-03-02 17:21:32,398 - config.py - 113 - INFO - drop_rate: 0.5
2023-03-02 17:21:32,398 - config.py - 113 - INFO - max_role_num: 5
2023-03-02 17:21:32,398 - config.py - 113 - INFO - event_path: data/rams/event_role_multiplicities.txt
2023-03-02 17:21:32,398 - config.py - 113 - INFO - tbWriter: <torch.utils.tensorboard.writer.SummaryWriter object at 0x7efeda264280>
2023-03-02 17:21:32,398 - config.py - 114 - INFO - ****************************
2023-03-02 17:21:35,537 - decoder_train.py - 49 - INFO - load train set......
2023-03-02 17:21:35,537 - decoder_train.py - 49 - INFO - load train set......
2023-03-02 17:21:37,751 - decoder_train.py - 55 - INFO - load test set......
2023-03-02 17:21:37,751 - decoder_train.py - 55 - INFO - load test set......
2023-03-02 17:21:37,915 - basic_trainer.py - 179 - INFO - ******************** Epoch: 1/20 ***********************
2023-03-02 17:21:37,915 - basic_trainer.py - 179 - INFO - ******************** Epoch: 1/20 ***********************
2023-03-02 17:21:39,160 - decoder_train.py - 65 - ERROR - Traceback (most recent call last):
  File "decoder_train.py", line 63, in <module>
    trainer.train()
  File "/home/wqw/code/BertSum/trainer/basic_trainer.py", line 183, in train
    loss, model_output = self.one_step(data)
  File "/home/wqw/code/BertSum/trainer/decoder/decoder_trainer.py", line 29, in one_step
    loss, module_output = self.model(token_ids, summar_ids, bertsum_ids, entities_ids, role_ids, token_mask, summar_mask, bertsum_mask, entities_mask, role_ids_mask, role_labels, entity_span, char2token, span2entity)
  File "/home/wqw/miniconda3/envs/BertSum/lib/python3.8/site-packages/torch/nn/modules/module.py", line 727, in _call_impl
    result = self.forward(*input, **kwargs)
  File "/home/wqw/miniconda3/envs/BertSum/lib/python3.8/site-packages/torch/nn/parallel/distributed.py", line 619, in forward
    output = self.module(*inputs[0], **kwargs[0])
  File "/home/wqw/miniconda3/envs/BertSum/lib/python3.8/site-packages/torch/nn/modules/module.py", line 727, in _call_impl
    result = self.forward(*input, **kwargs)
  File "/home/wqw/code/BertSum/models/decoder/decoder.py", line 33, in forward
    backward_loss, backward_ids = self.role_decoder(self.bert, reversed_role_ids, reversed_role_labels, summar_embedding, token_embedding, entities_embedding, entity_spans, token_mask, reversed_role_mask, char2token, span2entity)
  File "/home/wqw/miniconda3/envs/BertSum/lib/python3.8/site-packages/torch/nn/modules/module.py", line 727, in _call_impl
    result = self.forward(*input, **kwargs)
  File "/home/wqw/code/BertSum/models/layers/role_decoder.py", line 51, in forward
    role_embedding = bert(role_id, role_mask)[0]
  File "/home/wqw/miniconda3/envs/BertSum/lib/python3.8/site-packages/torch/nn/modules/module.py", line 727, in _call_impl
    result = self.forward(*input, **kwargs)
  File "/home/wqw/miniconda3/envs/BertSum/lib/python3.8/site-packages/transformers/models/bert/modeling_bert.py", line 1019, in forward
    encoder_outputs = self.encoder(
  File "/home/wqw/miniconda3/envs/BertSum/lib/python3.8/site-packages/torch/nn/modules/module.py", line 727, in _call_impl
    result = self.forward(*input, **kwargs)
  File "/home/wqw/miniconda3/envs/BertSum/lib/python3.8/site-packages/transformers/models/bert/modeling_bert.py", line 609, in forward
    layer_outputs = layer_module(
  File "/home/wqw/miniconda3/envs/BertSum/lib/python3.8/site-packages/torch/nn/modules/module.py", line 727, in _call_impl
    result = self.forward(*input, **kwargs)
  File "/home/wqw/miniconda3/envs/BertSum/lib/python3.8/site-packages/transformers/models/bert/modeling_bert.py", line 495, in forward
    self_attention_outputs = self.attention(
  File "/home/wqw/miniconda3/envs/BertSum/lib/python3.8/site-packages/torch/nn/modules/module.py", line 727, in _call_impl
    result = self.forward(*input, **kwargs)
  File "/home/wqw/miniconda3/envs/BertSum/lib/python3.8/site-packages/transformers/models/bert/modeling_bert.py", line 425, in forward
    self_outputs = self.self(
  File "/home/wqw/miniconda3/envs/BertSum/lib/python3.8/site-packages/torch/nn/modules/module.py", line 727, in _call_impl
    result = self.forward(*input, **kwargs)
  File "/home/wqw/miniconda3/envs/BertSum/lib/python3.8/site-packages/transformers/models/bert/modeling_bert.py", line 323, in forward
    attention_scores = torch.matmul(query_layer, key_layer.transpose(-1, -2))
RuntimeError: CUDA out of memory. Tried to allocate 24.00 MiB (GPU 0; 23.70 GiB total capacity; 20.87 GiB already allocated; 14.81 MiB free; 22.32 GiB reserved in total by PyTorch)

2023-03-02 17:21:39,263 - decoder_train.py - 65 - ERROR - Traceback (most recent call last):
  File "decoder_train.py", line 63, in <module>
    trainer.train()
  File "/home/wqw/code/BertSum/trainer/basic_trainer.py", line 183, in train
    loss, model_output = self.one_step(data)
  File "/home/wqw/code/BertSum/trainer/decoder/decoder_trainer.py", line 29, in one_step
    loss, module_output = self.model(token_ids, summar_ids, bertsum_ids, entities_ids, role_ids, token_mask, summar_mask, bertsum_mask, entities_mask, role_ids_mask, role_labels, entity_span, char2token, span2entity)
  File "/home/wqw/miniconda3/envs/BertSum/lib/python3.8/site-packages/torch/nn/modules/module.py", line 727, in _call_impl
    result = self.forward(*input, **kwargs)
  File "/home/wqw/miniconda3/envs/BertSum/lib/python3.8/site-packages/torch/nn/parallel/distributed.py", line 619, in forward
    output = self.module(*inputs[0], **kwargs[0])
  File "/home/wqw/miniconda3/envs/BertSum/lib/python3.8/site-packages/torch/nn/modules/module.py", line 727, in _call_impl
    result = self.forward(*input, **kwargs)
  File "/home/wqw/code/BertSum/models/decoder/decoder.py", line 33, in forward
    backward_loss, backward_ids = self.role_decoder(self.bert, reversed_role_ids, reversed_role_labels, summar_embedding, token_embedding, entities_embedding, entity_spans, token_mask, reversed_role_mask, char2token, span2entity)
  File "/home/wqw/miniconda3/envs/BertSum/lib/python3.8/site-packages/torch/nn/modules/module.py", line 727, in _call_impl
    result = self.forward(*input, **kwargs)
  File "/home/wqw/code/BertSum/models/layers/role_decoder.py", line 51, in forward
    role_embedding = bert(role_id, role_mask)[0]
  File "/home/wqw/miniconda3/envs/BertSum/lib/python3.8/site-packages/torch/nn/modules/module.py", line 727, in _call_impl
    result = self.forward(*input, **kwargs)
  File "/home/wqw/miniconda3/envs/BertSum/lib/python3.8/site-packages/transformers/models/bert/modeling_bert.py", line 1019, in forward
    encoder_outputs = self.encoder(
  File "/home/wqw/miniconda3/envs/BertSum/lib/python3.8/site-packages/torch/nn/modules/module.py", line 727, in _call_impl
    result = self.forward(*input, **kwargs)
  File "/home/wqw/miniconda3/envs/BertSum/lib/python3.8/site-packages/transformers/models/bert/modeling_bert.py", line 609, in forward
    layer_outputs = layer_module(
  File "/home/wqw/miniconda3/envs/BertSum/lib/python3.8/site-packages/torch/nn/modules/module.py", line 727, in _call_impl
    result = self.forward(*input, **kwargs)
  File "/home/wqw/miniconda3/envs/BertSum/lib/python3.8/site-packages/transformers/models/bert/modeling_bert.py", line 495, in forward
    self_attention_outputs = self.attention(
  File "/home/wqw/miniconda3/envs/BertSum/lib/python3.8/site-packages/torch/nn/modules/module.py", line 727, in _call_impl
    result = self.forward(*input, **kwargs)
  File "/home/wqw/miniconda3/envs/BertSum/lib/python3.8/site-packages/transformers/models/bert/modeling_bert.py", line 425, in forward
    self_outputs = self.self(
  File "/home/wqw/miniconda3/envs/BertSum/lib/python3.8/site-packages/torch/nn/modules/module.py", line 727, in _call_impl
    result = self.forward(*input, **kwargs)
  File "/home/wqw/miniconda3/envs/BertSum/lib/python3.8/site-packages/transformers/models/bert/modeling_bert.py", line 323, in forward
    attention_scores = torch.matmul(query_layer, key_layer.transpose(-1, -2))
RuntimeError: CUDA out of memory. Tried to allocate 24.00 MiB (GPU 1; 23.70 GiB total capacity; 20.88 GiB already allocated; 14.81 MiB free; 22.32 GiB reserved in total by PyTorch)

