2023-02-28 15:11:42,094 - config.py - 111 - INFO - ******HYPER-PARAMETERS******
2023-02-28 15:11:42,095 - config.py - 113 - INFO - exp_purpose: decode
2023-02-28 15:11:42,095 - config.py - 113 - INFO - model: bert
2023-02-28 15:11:42,095 - config.py - 113 - INFO - dataset: rams
2023-02-28 15:11:42,095 - config.py - 113 - INFO - train_path: data/rams/decoder/train.json
2023-02-28 15:11:42,095 - config.py - 113 - INFO - test_path: data/rams/decoder/test.json
2023-02-28 15:11:42,095 - config.py - 113 - INFO - exp_path: ./exp/
2023-02-28 15:11:42,096 - config.py - 113 - INFO - save_path: exp/2023-02-28/rams_bert_20230228151141/best.pth
2023-02-28 15:11:42,096 - config.py - 113 - INFO - project_path: ./
2023-02-28 15:11:42,096 - config.py - 113 - INFO - save_scriptList: ['utils', 'models', 'trainer', 'configs']
2023-02-28 15:11:42,096 - config.py - 113 - INFO - do_train: True
2023-02-28 15:11:42,096 - config.py - 113 - INFO - do_test: False
2023-02-28 15:11:42,096 - config.py - 113 - INFO - require_improvement: 200000000
2023-02-28 15:11:42,096 - config.py - 113 - INFO - num_epochs: 20
2023-02-28 15:11:42,096 - config.py - 113 - INFO - batch_size: 2
2023-02-28 15:11:42,097 - config.py - 113 - INFO - test_batch_size: 8
2023-02-28 15:11:42,097 - config.py - 113 - INFO - max_seq_len: 512
2023-02-28 15:11:42,097 - config.py - 113 - INFO - eval_step: 230
2023-02-28 15:11:42,097 - config.py - 113 - INFO - log_step: 20
2023-02-28 15:11:42,097 - config.py - 113 - INFO - pretrain_path: bert-base-uncased
2023-02-28 15:11:42,097 - config.py - 113 - INFO - hidden_size: 768
2023-02-28 15:11:42,097 - config.py - 113 - INFO - logger: <Logger 20230228151141 (DEBUG)>
2023-02-28 15:11:42,098 - config.py - 113 - INFO - tokenizer: BertTokenizerFast(name_or_path='bert-base-uncased', vocab_size=30522, model_max_length=512, is_fast=True, padding_side='right', truncation_side='right', special_tokens={'unk_token': '[UNK]', 'sep_token': '[SEP]', 'pad_token': '[PAD]', 'cls_token': '[CLS]', 'mask_token': '[MASK]'})
2023-02-28 15:11:42,098 - config.py - 113 - INFO - device: cuda
2023-02-28 15:11:42,098 - config.py - 113 - INFO - basic_learning_rate: 0.0001
2023-02-28 15:11:42,098 - config.py - 113 - INFO - encoder_learning_rate: 3e-05
2023-02-28 15:11:42,098 - config.py - 113 - INFO - rate_warmup_steps: 0.1
2023-02-28 15:11:42,098 - config.py - 113 - INFO - shuffle: True
2023-02-28 15:11:42,098 - config.py - 113 - INFO - drop_last: True
2023-02-28 15:11:42,098 - config.py - 113 - INFO - num_workers: 4
2023-02-28 15:11:42,099 - config.py - 113 - INFO - startTime: 20230228151141
2023-02-28 15:11:42,099 - config.py - 113 - INFO - dev_path: data/rams/decoder/dev.json
2023-02-28 15:11:42,099 - config.py - 113 - INFO - path: exp/2023-02-28/rams_bert_20230228151141
2023-02-28 15:11:42,099 - config.py - 113 - INFO - log_path: exp/2023-02-28/rams_bert_20230228151141/logs.log
2023-02-28 15:11:42,099 - config.py - 113 - INFO - tensorBoard_path: exp/2023-02-28/rams_bert_20230228151141/tensorboard
2023-02-28 15:11:42,099 - config.py - 113 - INFO - script_path: exp/2023-02-28/rams_bert_20230228151141/script
2023-02-28 15:11:42,099 - config.py - 113 - INFO - threshold: 0.4
2023-02-28 15:11:42,099 - config.py - 113 - INFO - max_desc_seq_len: 512
2023-02-28 15:11:42,100 - config.py - 113 - INFO - drop_rate: 0.5
2023-02-28 15:11:42,100 - config.py - 113 - INFO - max_role_num: 5
2023-02-28 15:11:42,100 - config.py - 113 - INFO - event_path: data/rams/event_role_multiplicities.txt
2023-02-28 15:11:42,100 - config.py - 113 - INFO - tbWriter: <torch.utils.tensorboard.writer.SummaryWriter object at 0x7f34cb86eb20>
2023-02-28 15:11:42,100 - config.py - 114 - INFO - ****************************
2023-02-28 15:11:48,592 - decoder_train.py - 35 - INFO - load train set......
2023-02-28 15:11:51,106 - decoder_train.py - 39 - INFO - load test set......
2023-02-28 15:11:51,602 - basic_trainer.py - 179 - INFO - ******************** Epoch: 1/20 ***********************
2023-02-28 15:11:53,230 - basic_trainer.py - 191 - INFO - step: 0/3664, Train loss: 2010.58
2023-02-28 15:12:09,974 - basic_trainer.py - 191 - INFO - step: 20/3664, Train loss: 1172.40
2023-02-28 15:12:28,405 - basic_trainer.py - 191 - INFO - step: 40/3664, Train loss: 1088.96
2023-02-28 15:12:46,023 - basic_trainer.py - 191 - INFO - step: 60/3664, Train loss: 1284.95
2023-02-28 15:13:01,941 - basic_trainer.py - 191 - INFO - step: 80/3664, Train loss: 766.56
2023-02-28 15:13:18,549 - basic_trainer.py - 191 - INFO - step: 100/3664, Train loss: 681.98
2023-02-28 15:13:35,297 - basic_trainer.py - 191 - INFO - step: 120/3664, Train loss: 728.38
2023-02-28 15:13:51,595 - basic_trainer.py - 191 - INFO - step: 140/3664, Train loss: 642.51
2023-02-28 15:14:07,532 - basic_trainer.py - 191 - INFO - step: 160/3664, Train loss: 548.79
2023-02-28 15:14:24,191 - basic_trainer.py - 191 - INFO - step: 180/3664, Train loss: 283.35
2023-02-28 15:14:40,682 - basic_trainer.py - 191 - INFO - step: 200/3664, Train loss: 158.17
2023-02-28 15:14:56,428 - basic_trainer.py - 191 - INFO - step: 220/3664, Train loss: 84.89
