2023-03-02 15:45:33,958 - config.py - 111 - INFO - ******HYPER-PARAMETERS******
2023-03-02 15:45:33,958 - config.py - 113 - INFO - exp_purpose: decode
2023-03-02 15:45:33,958 - config.py - 113 - INFO - model: bert
2023-03-02 15:45:33,958 - config.py - 113 - INFO - dataset: rams
2023-03-02 15:45:33,958 - config.py - 113 - INFO - train_path: data/rams/decoder/train.json
2023-03-02 15:45:33,958 - config.py - 113 - INFO - test_path: data/rams/decoder/test.json
2023-03-02 15:45:33,958 - config.py - 113 - INFO - exp_path: ./exp/
2023-03-02 15:45:33,958 - config.py - 113 - INFO - save_path: exp/2023-03-02/rams_bert_20230302154532/best.pth
2023-03-02 15:45:33,958 - config.py - 113 - INFO - project_path: ./
2023-03-02 15:45:33,958 - config.py - 113 - INFO - save_scriptList: ['utils', 'models', 'trainer', 'configs']
2023-03-02 15:45:33,958 - config.py - 113 - INFO - do_train: True
2023-03-02 15:45:33,958 - config.py - 113 - INFO - do_test: False
2023-03-02 15:45:33,958 - config.py - 113 - INFO - require_improvement: 200000000
2023-03-02 15:45:33,959 - config.py - 113 - INFO - num_epochs: 20
2023-03-02 15:45:33,959 - config.py - 113 - INFO - batch_size: 2
2023-03-02 15:45:33,959 - config.py - 113 - INFO - test_batch_size: 2
2023-03-02 15:45:33,959 - config.py - 113 - INFO - max_seq_len: 512
2023-03-02 15:45:33,959 - config.py - 113 - INFO - eval_step: 10
2023-03-02 15:45:33,959 - config.py - 113 - INFO - log_step: 100
2023-03-02 15:45:33,959 - config.py - 113 - INFO - pretrain_path: bert-base-uncased
2023-03-02 15:45:33,959 - config.py - 113 - INFO - hidden_size: 768
2023-03-02 15:45:33,959 - config.py - 113 - INFO - logger: <Logger 20230302154532 (DEBUG)>
2023-03-02 15:45:33,959 - config.py - 113 - INFO - tokenizer: BertTokenizerFast(name_or_path='bert-base-uncased', vocab_size=30522, model_max_length=512, is_fast=True, padding_side='right', truncation_side='right', special_tokens={'unk_token': '[UNK]', 'sep_token': '[SEP]', 'pad_token': '[PAD]', 'cls_token': '[CLS]', 'mask_token': '[MASK]'})
2023-03-02 15:45:33,959 - config.py - 113 - INFO - device: cuda
2023-03-02 15:45:33,959 - config.py - 113 - INFO - basic_learning_rate: 0.0001
2023-03-02 15:45:33,959 - config.py - 113 - INFO - encoder_learning_rate: 3e-05
2023-03-02 15:45:33,959 - config.py - 113 - INFO - rate_warmup_steps: 0.1
2023-03-02 15:45:33,959 - config.py - 113 - INFO - shuffle: True
2023-03-02 15:45:33,959 - config.py - 113 - INFO - drop_last: True
2023-03-02 15:45:33,959 - config.py - 113 - INFO - num_workers: 4
2023-03-02 15:45:33,959 - config.py - 113 - INFO - startTime: 20230302154532
2023-03-02 15:45:33,959 - config.py - 113 - INFO - dev_path: data/rams/decoder/dev.json
2023-03-02 15:45:33,959 - config.py - 113 - INFO - path: exp/2023-03-02/rams_bert_20230302154532
2023-03-02 15:45:33,960 - config.py - 113 - INFO - log_path: exp/2023-03-02/rams_bert_20230302154532/logs.log
2023-03-02 15:45:33,960 - config.py - 113 - INFO - tensorBoard_path: exp/2023-03-02/rams_bert_20230302154532/tensorboard
2023-03-02 15:45:33,960 - config.py - 113 - INFO - script_path: exp/2023-03-02/rams_bert_20230302154532/script
2023-03-02 15:45:33,960 - config.py - 113 - INFO - threshold: 0.4
2023-03-02 15:45:33,960 - config.py - 113 - INFO - max_desc_seq_len: 512
2023-03-02 15:45:33,960 - config.py - 113 - INFO - drop_rate: 0.5
2023-03-02 15:45:33,960 - config.py - 113 - INFO - max_role_num: 5
2023-03-02 15:45:33,960 - config.py - 113 - INFO - event_path: data/rams/event_role_multiplicities.txt
2023-03-02 15:45:33,960 - config.py - 113 - INFO - tbWriter: <torch.utils.tensorboard.writer.SummaryWriter object at 0x7fd8ef07e9d0>
2023-03-02 15:45:33,960 - config.py - 114 - INFO - ****************************
2023-03-02 15:45:33,964 - config.py - 111 - INFO - ******HYPER-PARAMETERS******
2023-03-02 15:45:33,964 - config.py - 113 - INFO - exp_purpose: decode
2023-03-02 15:45:33,964 - config.py - 113 - INFO - model: bert
2023-03-02 15:45:33,964 - config.py - 113 - INFO - dataset: rams
2023-03-02 15:45:33,964 - config.py - 113 - INFO - train_path: data/rams/decoder/train.json
2023-03-02 15:45:33,964 - config.py - 113 - INFO - test_path: data/rams/decoder/test.json
2023-03-02 15:45:33,964 - config.py - 113 - INFO - exp_path: ./exp/
2023-03-02 15:45:33,964 - config.py - 113 - INFO - save_path: exp/2023-03-02/rams_bert_20230302154532/best.pth
2023-03-02 15:45:33,964 - config.py - 113 - INFO - project_path: ./
2023-03-02 15:45:33,964 - config.py - 113 - INFO - save_scriptList: ['utils', 'models', 'trainer', 'configs']
2023-03-02 15:45:33,964 - config.py - 113 - INFO - do_train: True
2023-03-02 15:45:33,964 - config.py - 113 - INFO - do_test: False
2023-03-02 15:45:33,964 - config.py - 113 - INFO - require_improvement: 200000000
2023-03-02 15:45:33,965 - config.py - 113 - INFO - num_epochs: 20
2023-03-02 15:45:33,965 - config.py - 113 - INFO - batch_size: 2
2023-03-02 15:45:33,965 - config.py - 113 - INFO - test_batch_size: 2
2023-03-02 15:45:33,965 - config.py - 113 - INFO - max_seq_len: 512
2023-03-02 15:45:33,965 - config.py - 113 - INFO - eval_step: 10
2023-03-02 15:45:33,965 - config.py - 113 - INFO - log_step: 100
2023-03-02 15:45:33,965 - config.py - 113 - INFO - pretrain_path: bert-base-uncased
2023-03-02 15:45:33,965 - config.py - 113 - INFO - hidden_size: 768
2023-03-02 15:45:33,965 - config.py - 113 - INFO - logger: <Logger 20230302154532 (DEBUG)>
2023-03-02 15:45:33,965 - config.py - 113 - INFO - tokenizer: BertTokenizerFast(name_or_path='bert-base-uncased', vocab_size=30522, model_max_length=512, is_fast=True, padding_side='right', truncation_side='right', special_tokens={'unk_token': '[UNK]', 'sep_token': '[SEP]', 'pad_token': '[PAD]', 'cls_token': '[CLS]', 'mask_token': '[MASK]'})
2023-03-02 15:45:33,965 - config.py - 113 - INFO - device: cuda
2023-03-02 15:45:33,965 - config.py - 113 - INFO - basic_learning_rate: 0.0001
2023-03-02 15:45:33,965 - config.py - 113 - INFO - encoder_learning_rate: 3e-05
2023-03-02 15:45:33,965 - config.py - 113 - INFO - rate_warmup_steps: 0.1
2023-03-02 15:45:33,965 - config.py - 113 - INFO - shuffle: True
2023-03-02 15:45:33,965 - config.py - 113 - INFO - drop_last: True
2023-03-02 15:45:33,965 - config.py - 113 - INFO - num_workers: 4
2023-03-02 15:45:33,965 - config.py - 113 - INFO - startTime: 20230302154532
2023-03-02 15:45:33,965 - config.py - 113 - INFO - dev_path: data/rams/decoder/dev.json
2023-03-02 15:45:33,965 - config.py - 113 - INFO - path: exp/2023-03-02/rams_bert_20230302154532
2023-03-02 15:45:33,965 - config.py - 113 - INFO - log_path: exp/2023-03-02/rams_bert_20230302154532/logs.log
2023-03-02 15:45:33,965 - config.py - 113 - INFO - tensorBoard_path: exp/2023-03-02/rams_bert_20230302154532/tensorboard
2023-03-02 15:45:33,966 - config.py - 113 - INFO - script_path: exp/2023-03-02/rams_bert_20230302154532/script
2023-03-02 15:45:33,966 - config.py - 113 - INFO - threshold: 0.4
2023-03-02 15:45:33,966 - config.py - 113 - INFO - max_desc_seq_len: 512
2023-03-02 15:45:33,966 - config.py - 113 - INFO - drop_rate: 0.5
2023-03-02 15:45:33,966 - config.py - 113 - INFO - max_role_num: 5
2023-03-02 15:45:33,966 - config.py - 113 - INFO - event_path: data/rams/event_role_multiplicities.txt
2023-03-02 15:45:33,966 - config.py - 113 - INFO - tbWriter: <torch.utils.tensorboard.writer.SummaryWriter object at 0x7fa47838d6a0>
2023-03-02 15:45:33,966 - config.py - 114 - INFO - ****************************
2023-03-02 15:45:37,024 - decoder_train.py - 47 - INFO - load train set......
2023-03-02 15:45:37,025 - decoder_train.py - 47 - INFO - load train set......
2023-03-02 15:45:39,048 - decoder_train.py - 53 - INFO - load test set......
2023-03-02 15:45:40,986 - decoder_train.py - 53 - INFO - load test set......
2023-03-02 15:45:40,999 - basic_trainer.py - 179 - INFO - ******************** Epoch: 1/20 ***********************
2023-03-02 15:45:41,000 - decoder_train.py - 63 - ERROR - Traceback (most recent call last):
  File "decoder_train.py", line 61, in <module>
    trainer.train()
  File "/home/wqw/code/BertSum/trainer/basic_trainer.py", line 183, in train
    loss, model_output = self.one_step(data)
  File "/home/wqw/code/BertSum/trainer/decoder/decoder_trainer.py", line 18, in one_step
    token_ids, summar_ids, bertsum_ids, entities_ids, role_ids, token_mask, summar_mask, bertsum_mask, entities_mask, role_ids_mask, role_names, role_labels, role_spans, entity_span, char2token, span2entity = data
ValueError: not enough values to unpack (expected 16, got 8)

2023-03-02 15:45:41,135 - basic_trainer.py - 179 - INFO - ******************** Epoch: 1/20 ***********************
2023-03-02 15:45:41,135 - decoder_train.py - 63 - ERROR - Traceback (most recent call last):
  File "decoder_train.py", line 61, in <module>
    trainer.train()
  File "/home/wqw/code/BertSum/trainer/basic_trainer.py", line 183, in train
    loss, model_output = self.one_step(data)
  File "/home/wqw/code/BertSum/trainer/decoder/decoder_trainer.py", line 18, in one_step
    token_ids, summar_ids, bertsum_ids, entities_ids, role_ids, token_mask, summar_mask, bertsum_mask, entities_mask, role_ids_mask, role_names, role_labels, role_spans, entity_span, char2token, span2entity = data
ValueError: not enough values to unpack (expected 16, got 8)

